#-----------------------------------------------------------
# Vivado v2019.2 (64-bit)
# SW Build 2708876 on Wed Nov  6 21:40:23 MST 2019
# IP Build 2700528 on Thu Nov  7 00:09:20 MST 2019
# Start of session at: Sun Oct  4 13:24:34 2020
# Process ID: 22952
# Current directory: C:/study/小学期/大四/计算机组成原理/团队/xiao_final/xiao_final/工程文件_用于下板测试周雨佳的测试文件/0922_1706
# Command line: vivado.exe -gui_launcher_event rodinguilauncherevent14984 C:\study\小学期\大四\计算机组成原理\团队\xiao_final\xiao_final\工程文件_用于下板测试周雨佳的测试文件\0922_1706\0922_1706.xpr
# Log file: C:/study/小学期/大四/计算机组成原理/团队/xiao_final/xiao_final/工程文件_用于下板测试周雨佳的测试文件/0922_1706/vivado.log
# Journal file: C:/study/小学期/大四/计算机组成原理/团队/xiao_final/xiao_final/工程文件_用于下板测试周雨佳的测试文件/0922_1706\vivado.jou
#-----------------------------------------------------------
start_gui
open_project C:/study/小学期/大四/计算机组成原理/团队/xiao_final/xiao_final/工程文件_用于下板测试周雨佳的测试文件/0922_1706/0922_1706.xpr
INFO: [ProjectBase 1-489] The host OS only allows 260 characters in a normal path. The project is stored in a path with more than 80 characters. If you experience issues with IP, Block Designs, or files not being found, please consider moving the project to a location with a shorter path. Alternately consider using the OS subst command to map part of the path to a drive letter.
Current project path is 'C:/study/小学期/大四/计算机组成原理/团队/xiao_final/xiao_final/工程文件_用于下板测试周雨佳的测试文件/0922_1706'
INFO: [Project 1-313] Project file moved from 'C:/Users/95135/Desktop/final_0923/0924_latest/0922_1706' since last save.
Scanning sources...
Finished scanning sources
INFO: [IP_Flow 19-234] Refreshing IP repositories
INFO: [IP_Flow 19-1704] No user IP repositories specified
INFO: [IP_Flow 19-2313] Loaded Vivado IP repository 'C:/Xilinx/Vivado/2019.2/data/ip'.
open_project: Time (s): cpu = 00:00:18 ; elapsed = 00:00:08 . Memory (MB): peak = 745.898 ; gain = 99.172

update_compile_order -fileset sources_1
exit
INFO: [Common 17-206] Exiting Vivado at Sun Oct  4 22:27:27 2020...
