#-----------------------------------------------------------
# Vivado v2019.2 (64-bit)
# SW Build 2708876 on Wed Nov  6 21:40:23 MST 2019
# IP Build 2700528 on Thu Nov  7 00:09:20 MST 2019
# Start of session at: Sat Oct  3 16:00:25 2020
# Process ID: 8056
# Current directory: C:/Users/95135/Desktop/final_0923/0924_latest/0922_1706
# Command line: vivado.exe -gui_launcher_event rodinguilauncherevent14948 C:\Users\95135\Desktop\final_0923\0924_latest\0922_1706\0922_1706.xpr
# Log file: C:/Users/95135/Desktop/final_0923/0924_latest/0922_1706/vivado.log
# Journal file: C:/Users/95135/Desktop/final_0923/0924_latest/0922_1706\vivado.jou
#-----------------------------------------------------------
start_gui
open_project C:/Users/95135/Desktop/final_0923/0924_latest/0922_1706/0922_1706.xpr
Scanning sources...
Finished scanning sources
INFO: [IP_Flow 19-234] Refreshing IP repositories
INFO: [IP_Flow 19-1704] No user IP repositories specified
INFO: [IP_Flow 19-2313] Loaded Vivado IP repository 'C:/Xilinx/Vivado/2019.2/data/ip'.
open_project: Time (s): cpu = 00:00:30 ; elapsed = 00:00:18 . Memory (MB): peak = 786.637 ; gain = 174.840
update_compile_order -fileset sources_1
WARNING: [filemgmt 56-199] Attempt to get parsing info during refresh. "On-the-fly" syntax checking information may be incorrect. [C:\Users\95135\Desktop\final_0923\0924_latest\0922_1706\0922_1706.srcs\sources_1\new\hazards_unit.v:]
WARNING: [filemgmt 56-199] Attempt to get parsing info during refresh. "On-the-fly" syntax checking information may be incorrect. [C:\Users\95135\Desktop\final_0923\0924_latest\0922_1706\0922_1706.srcs\sources_1\new\pc.v:]
WARNING: [filemgmt 56-199] Attempt to get parsing info during refresh. "On-the-fly" syntax checking information may be incorrect. [C:\Users\95135\Desktop\final_0923\0924_latest\0922_1706\0922_1706.srcs\sources_1\new\if_id.v:]
WARNING: [filemgmt 56-199] Attempt to get parsing info during refresh. "On-the-fly" syntax checking information may be incorrect. [C:\Users\95135\Desktop\final_0923\0924_latest\0922_1706\0922_1706.srcs\sources_1\new\hazards_unit.v:]
WARNING: [filemgmt 56-199] Attempt to get parsing info during refresh. "On-the-fly" syntax checking information may be incorrect. [C:\Users\95135\Desktop\final_0923\0924_latest\0922_1706\0922_1706.srcs\sources_1\new\pc.v:]
WARNING: [filemgmt 56-199] Attempt to get parsing info during refresh. "On-the-fly" syntax checking information may be incorrect. [C:\Users\95135\Desktop\final_0923\0924_latest\0922_1706\0922_1706.srcs\sources_1\new\if_id.v:]
ERROR: [Common 17-180] Spawn failed: No error
exit
INFO: [Common 17-206] Exiting Vivado at Sat Oct  3 17:44:18 2020...
