#-----------------------------------------------------------
# Vivado v2019.2 (64-bit)
# SW Build 2708876 on Wed Nov  6 21:40:23 MST 2019
# IP Build 2700528 on Thu Nov  7 00:09:20 MST 2019
# Start of session at: Fri Sep 25 00:41:37 2020
# Process ID: 9064
# Current directory: C:/Users/95135/Desktop/final_0923/0924_latest/0922_1706
# Command line: vivado.exe -gui_launcher_event rodinguilauncherevent852 C:\Users\95135\Desktop\final_0923\0924_latest\0922_1706\0922_1706.xpr
# Log file: C:/Users/95135/Desktop/final_0923/0924_latest/0922_1706/vivado.log
# Journal file: C:/Users/95135/Desktop/final_0923/0924_latest/0922_1706\vivado.jou
#-----------------------------------------------------------
start_gui
open_project C:/Users/95135/Desktop/final_0923/0924_latest/0922_1706/0922_1706.xpr
Scanning sources...
Finished scanning sources
INFO: [IP_Flow 19-234] Refreshing IP repositories
INFO: [IP_Flow 19-1704] No user IP repositories specified
INFO: [IP_Flow 19-2313] Loaded Vivado IP repository 'C:/Xilinx/Vivado/2019.2/data/ip'.
open_project: Time (s): cpu = 00:00:18 ; elapsed = 00:00:10 . Memory (MB): peak = 755.840 ; gain = 116.445
update_compile_order -fileset sources_1
launch_simulation
Command: launch_simulation 
INFO: [Vivado 12-5682] Launching behavioral simulation in 'C:/Users/95135/Desktop/final_0923/0924_latest/0922_1706/0922_1706.sim/sim_1/behav/xsim'
INFO: [SIM-utils-51] Simulation object is 'sim_1'
INFO: [SIM-utils-54] Inspecting design source files for 'testbench' in fileset 'sim_1'...
INFO: [USF-XSim-97] Finding global include files...
INFO: [USF-XSim-98] Fetching design files from 'sim_1'...
INFO: [USF-XSim-2] XSim::Compile design
INFO: [USF-XSim-61] Executing 'COMPILE and ANALYZE' step in 'C:/Users/95135/Desktop/final_0923/0924_latest/0922_1706/0922_1706.sim/sim_1/behav/xsim'
"xvlog --incr --relax -prj testbench_vlog.prj"
INFO: [USF-XSim-69] 'compile' step finished in '2' seconds
INFO: [USF-XSim-3] XSim::Elaborate design
INFO: [USF-XSim-61] Executing 'ELABORATE' step in 'C:/Users/95135/Desktop/final_0923/0924_latest/0922_1706/0922_1706.sim/sim_1/behav/xsim'
"xelab -wto 27ab8f4cf3cf4056a088f21d2727876f --incr --debug typical --relax --mt 2 -L xil_defaultlib -L unisims_ver -L unimacro_ver -L secureip --snapshot testbench_behav xil_defaultlib.testbench xil_defaultlib.glbl -log elaborate.log"
Vivado Simulator 2019.2
Copyright 1986-1999, 2001-2019 Xilinx, Inc. All Rights Reserved.
Running: C:/Xilinx/Vivado/2019.2/bin/unwrapped/win64.o/xelab.exe -wto 27ab8f4cf3cf4056a088f21d2727876f --incr --debug typical --relax --mt 2 -L xil_defaultlib -L unisims_ver -L unimacro_ver -L secureip --snapshot testbench_behav xil_defaultlib.testbench xil_defaultlib.glbl -log elaborate.log 
Using 2 slave threads.
Starting static elaboration
Pass Through NonSizing Optimizer
Completed static elaboration
INFO: [XSIM 43-4323] No Change in HDL. Linking previously generated obj files to create kernel
INFO: [USF-XSim-69] 'elaborate' step finished in '3' seconds
INFO: [USF-XSim-4] XSim::Simulate design
INFO: [USF-XSim-61] Executing 'SIMULATE' step in 'C:/Users/95135/Desktop/final_0923/0924_latest/0922_1706/0922_1706.sim/sim_1/behav/xsim'
INFO: [USF-XSim-98] *** Running xsim
   with args "testbench_behav -key {Behavioral:sim_1:Functional:testbench} -tclbatch {testbench.tcl} -view {C:/Users/95135/Desktop/final_0923/0924_latest/0922_1706/testbench_behav.wcfg} -log {simulate.log}"
INFO: [USF-XSim-8] Loading simulator feature
Vivado Simulator 2019.2
Time resolution is 1 ps
open_wave_config C:/Users/95135/Desktop/final_0923/0924_latest/0922_1706/testbench_behav.wcfg
source testbench.tcl
# set curr_wave [current_wave_config]
# if { [string length $curr_wave] == 0 } {
#   if { [llength [get_objects]] > 0} {
#     add_wave /
#     set_property needs_save false [current_wave_config]
#   } else {
#      send_msg_id Add_Wave-1 WARNING "No top level signals found. Simulator will start without a wave window. If you want to open a wave window go to 'File->New Waveform Configuration' or type 'create_wave_config' in the TCL console."
#   }
# }
# run 1000ns
reading instruction...
$stop called at time : 530 ns : File "C:/Users/95135/Desktop/final_0923/0924_latest/0922_1706/0922_1706.srcs/sim_1/new/testbench.v" Line 18
INFO: [USF-XSim-96] XSim completed. Design snapshot 'testbench_behav' loaded.
INFO: [USF-XSim-97] XSim simulation ran for 1000ns
launch_simulation: Time (s): cpu = 00:00:13 ; elapsed = 00:00:11 . Memory (MB): peak = 803.594 ; gain = 42.098
run 20 ns
run 20 ns
run 20 ns
run 20 ns
run 20 ns
run 20 ns
run 20 ns
run 20 ns
run 20 ns
run 20 ns
run 20 ns
run 20 ns
run 20 ns
run 20 ns
run 20 ns
run 20 ns
run 20 ns
run 20 ns
run 20 ns
run 20 ns
run 20 ns
run 20 ns
run 20 ns
run 20 ns
run 20 ns
run 20 ns
run 20 ns
run 20 ns
run 20 ns
run 20 ns
run 20 ns
run 20 ns
run 20 ns
run 20 ns
run 20 ns
run all
close_sim
INFO: [Simtcl 6-16] Simulation closed
launch_simulation
Command: launch_simulation 
INFO: [Vivado 12-5682] Launching behavioral simulation in 'C:/Users/95135/Desktop/final_0923/0924_latest/0922_1706/0922_1706.sim/sim_1/behav/xsim'
INFO: [SIM-utils-51] Simulation object is 'sim_1'
INFO: [SIM-utils-54] Inspecting design source files for 'testbench' in fileset 'sim_1'...
INFO: [USF-XSim-97] Finding global include files...
INFO: [USF-XSim-98] Fetching design files from 'sim_1'...
INFO: [USF-XSim-2] XSim::Compile design
INFO: [USF-XSim-61] Executing 'COMPILE and ANALYZE' step in 'C:/Users/95135/Desktop/final_0923/0924_latest/0922_1706/0922_1706.sim/sim_1/behav/xsim'
"xvlog --incr --relax -prj testbench_vlog.prj"
INFO: [USF-XSim-69] 'compile' step finished in '2' seconds
INFO: [USF-XSim-3] XSim::Elaborate design
INFO: [USF-XSim-61] Executing 'ELABORATE' step in 'C:/Users/95135/Desktop/final_0923/0924_latest/0922_1706/0922_1706.sim/sim_1/behav/xsim'
"xelab -wto 27ab8f4cf3cf4056a088f21d2727876f --incr --debug typical --relax --mt 2 -L xil_defaultlib -L unisims_ver -L unimacro_ver -L secureip --snapshot testbench_behav xil_defaultlib.testbench xil_defaultlib.glbl -log elaborate.log"
Vivado Simulator 2019.2
Copyright 1986-1999, 2001-2019 Xilinx, Inc. All Rights Reserved.
Running: C:/Xilinx/Vivado/2019.2/bin/unwrapped/win64.o/xelab.exe -wto 27ab8f4cf3cf4056a088f21d2727876f --incr --debug typical --relax --mt 2 -L xil_defaultlib -L unisims_ver -L unimacro_ver -L secureip --snapshot testbench_behav xil_defaultlib.testbench xil_defaultlib.glbl -log elaborate.log 
Using 2 slave threads.
Starting static elaboration
Pass Through NonSizing Optimizer
Completed static elaboration
INFO: [XSIM 43-4323] No Change in HDL. Linking previously generated obj files to create kernel
INFO: [USF-XSim-69] 'elaborate' step finished in '2' seconds
INFO: [USF-XSim-4] XSim::Simulate design
INFO: [USF-XSim-61] Executing 'SIMULATE' step in 'C:/Users/95135/Desktop/final_0923/0924_latest/0922_1706/0922_1706.sim/sim_1/behav/xsim'
INFO: [USF-XSim-98] *** Running xsim
   with args "testbench_behav -key {Behavioral:sim_1:Functional:testbench} -tclbatch {testbench.tcl} -view {C:/Users/95135/Desktop/final_0923/0924_latest/0922_1706/testbench_behav.wcfg} -log {simulate.log}"
INFO: [USF-XSim-8] Loading simulator feature
Vivado Simulator 2019.2
Time resolution is 1 ps
open_wave_config C:/Users/95135/Desktop/final_0923/0924_latest/0922_1706/testbench_behav.wcfg
source testbench.tcl
# set curr_wave [current_wave_config]
# if { [string length $curr_wave] == 0 } {
#   if { [llength [get_objects]] > 0} {
#     add_wave /
#     set_property needs_save false [current_wave_config]
#   } else {
#      send_msg_id Add_Wave-1 WARNING "No top level signals found. Simulator will start without a wave window. If you want to open a wave window go to 'File->New Waveform Configuration' or type 'create_wave_config' in the TCL console."
#   }
# }
# run 1000ns
reading instruction...
$stop called at time : 530 ns : File "C:/Users/95135/Desktop/final_0923/0924_latest/0922_1706/0922_1706.srcs/sim_1/new/testbench.v" Line 18
INFO: [USF-XSim-96] XSim completed. Design snapshot 'testbench_behav' loaded.
INFO: [USF-XSim-97] XSim simulation ran for 1000ns
launch_simulation: Time (s): cpu = 00:00:07 ; elapsed = 00:00:09 . Memory (MB): peak = 931.973 ; gain = 35.281
run 20 ns
run 20 ns
run 20 ns
run 20 ns
run 20 ns
run 20 ns
run 20 ns
run 20 ns
run 20 ns
run 20 ns
run 20 ns
run 20 ns
run 20 ns
run 20 ns
run 20 ns
run 20 ns
run 20 ns
run 20 ns
run 20 ns
run 20 ns
run 20 ns
run 20 ns
run 20 ns
run 20 ns
run 20 ns
run 20 ns
run 20 ns
run 20 ns
run 20 ns
run 20 ns
run 20 ns
run 20 ns
run 20 ns
run 20 ns
run 20 ns
run 20 ns
run 20 ns
run 20 ns
run 20 ns
run 20 ns
run 20 ns
run 20 ns
run 20 ns
run 20 ns
run 20 ns
run 20 ns
run 20 ns
run 20 ns
run 20 ns
run 20 ns
run 20 ns
run 20 ns
run 20 ns
run 20 ns
run 20 ns
run 20 ns
run 20 ns
run 20 ns
run 20 ns
run 20 ns
run 20 ns
run 20 ns
run 20 ns
run 20 ns
run 20 ns
run 20 ns
run 20 ns
run 20 ns
restart
INFO: [Simtcl 6-17] Simulation restarted
run 20 ns
reading instruction...
run 20 ns
run 20 ns
run 20 ns
run 20 ns
run 20 ns
run 20 ns
run 20 ns
run 20 ns
run 20 ns
run 20 ns
run 20 ns
run 20 ns
run 20 ns
run 20 ns
run 20 ns
run 20 ns
run 20 ns
run 20 ns
run 20 ns
run 20 ns
run 20 ns
run 20 ns
run 20 ns
run 20 ns
run 20 ns
close_sim
INFO: [Simtcl 6-16] Simulation closed
launch_simulation
Command: launch_simulation 
INFO: [Vivado 12-5682] Launching behavioral simulation in 'C:/Users/95135/Desktop/final_0923/0924_latest/0922_1706/0922_1706.sim/sim_1/behav/xsim'
INFO: [SIM-utils-51] Simulation object is 'sim_1'
INFO: [SIM-utils-54] Inspecting design source files for 'testbench' in fileset 'sim_1'...
INFO: [USF-XSim-97] Finding global include files...
INFO: [USF-XSim-98] Fetching design files from 'sim_1'...
INFO: [USF-XSim-2] XSim::Compile design
INFO: [USF-XSim-61] Executing 'COMPILE and ANALYZE' step in 'C:/Users/95135/Desktop/final_0923/0924_latest/0922_1706/0922_1706.sim/sim_1/behav/xsim'
"xvlog --incr --relax -prj testbench_vlog.prj"
INFO: [USF-XSim-69] 'compile' step finished in '2' seconds
INFO: [USF-XSim-3] XSim::Elaborate design
INFO: [USF-XSim-61] Executing 'ELABORATE' step in 'C:/Users/95135/Desktop/final_0923/0924_latest/0922_1706/0922_1706.sim/sim_1/behav/xsim'
"xelab -wto 27ab8f4cf3cf4056a088f21d2727876f --incr --debug typical --relax --mt 2 -L xil_defaultlib -L unisims_ver -L unimacro_ver -L secureip --snapshot testbench_behav xil_defaultlib.testbench xil_defaultlib.glbl -log elaborate.log"
Vivado Simulator 2019.2
Copyright 1986-1999, 2001-2019 Xilinx, Inc. All Rights Reserved.
Running: C:/Xilinx/Vivado/2019.2/bin/unwrapped/win64.o/xelab.exe -wto 27ab8f4cf3cf4056a088f21d2727876f --incr --debug typical --relax --mt 2 -L xil_defaultlib -L unisims_ver -L unimacro_ver -L secureip --snapshot testbench_behav xil_defaultlib.testbench xil_defaultlib.glbl -log elaborate.log 
Using 2 slave threads.
Starting static elaboration
Pass Through NonSizing Optimizer
Completed static elaboration
INFO: [XSIM 43-4323] No Change in HDL. Linking previously generated obj files to create kernel
INFO: [USF-XSim-69] 'elaborate' step finished in '2' seconds
INFO: [USF-XSim-4] XSim::Simulate design
INFO: [USF-XSim-61] Executing 'SIMULATE' step in 'C:/Users/95135/Desktop/final_0923/0924_latest/0922_1706/0922_1706.sim/sim_1/behav/xsim'
INFO: [USF-XSim-98] *** Running xsim
   with args "testbench_behav -key {Behavioral:sim_1:Functional:testbench} -tclbatch {testbench.tcl} -view {C:/Users/95135/Desktop/final_0923/0924_latest/0922_1706/testbench_behav.wcfg} -log {simulate.log}"
INFO: [USF-XSim-8] Loading simulator feature
Vivado Simulator 2019.2
Time resolution is 1 ps
open_wave_config C:/Users/95135/Desktop/final_0923/0924_latest/0922_1706/testbench_behav.wcfg
source testbench.tcl
# set curr_wave [current_wave_config]
# if { [string length $curr_wave] == 0 } {
#   if { [llength [get_objects]] > 0} {
#     add_wave /
#     set_property needs_save false [current_wave_config]
#   } else {
#      send_msg_id Add_Wave-1 WARNING "No top level signals found. Simulator will start without a wave window. If you want to open a wave window go to 'File->New Waveform Configuration' or type 'create_wave_config' in the TCL console."
#   }
# }
# run 1000ns
reading instruction...
$stop called at time : 530 ns : File "C:/Users/95135/Desktop/final_0923/0924_latest/0922_1706/0922_1706.srcs/sim_1/new/testbench.v" Line 18
INFO: [USF-XSim-96] XSim completed. Design snapshot 'testbench_behav' loaded.
INFO: [USF-XSim-97] XSim simulation ran for 1000ns
launch_simulation: Time (s): cpu = 00:00:03 ; elapsed = 00:00:09 . Memory (MB): peak = 931.973 ; gain = 0.000
restart
INFO: [Simtcl 6-17] Simulation restarted
run 20 ns
reading instruction...
run 20 ns
run 20 ns
run 20 ns
run 20 ns
run 20 ns
run 20 ns
run 20 ns
run 20 ns
run 20 ns
run 20 ns
run 20 ns
run 20 ns
run 20 ns
run 20 ns
run 20 ns
run 20 ns
run 20 ns
run 20 ns
run 20 ns
run 20 ns
run 20 ns
run 20 ns
run 20 ns
run 20 ns
run 20 ns
run 20 ns
$stop called at time : 530 ns : File "C:/Users/95135/Desktop/final_0923/0924_latest/0922_1706/0922_1706.srcs/sim_1/new/testbench.v" Line 18
run 20 ns
run 20 ns
run 20 ns
run 20 ns
restart
INFO: [Simtcl 6-17] Simulation restarted
run 20 ns
reading instruction...
run 20 ns
run 20 ns
run 20 ns
run 20 ns
run 20 ns
run 20 ns
run 20 ns
run 20 ns
run 20 ns
run 20 ns
run 20 ns
run 20 ns
run 20 ns
run 20 ns
run 20 ns
run 20 ns
run 20 ns
run 20 ns
run 20 ns
run 20 ns
run 20 ns
run 20 ns
run 20 ns
run 20 ns
run 20 ns
run 20 ns
$stop called at time : 530 ns : File "C:/Users/95135/Desktop/final_0923/0924_latest/0922_1706/0922_1706.srcs/sim_1/new/testbench.v" Line 18
run 20 ns
restart
INFO: [Simtcl 6-17] Simulation restarted
run 20 ns
reading instruction...
run 20 ns
run 20 ns
run 20 ns
run 20 ns
run 20 ns
run 20 ns
run 20 ns
run 20 ns
run 20 ns
run 20 ns
run 20 ns
run 20 ns
run 20 ns
run 20 ns
run 20 ns
run 20 ns
run 20 ns
run 20 ns
run 20 ns
run 20 ns
run 20 ns
run 20 ns
run 20 ns
run 20 ns
run 20 ns
run 20 ns
$stop called at time : 530 ns : File "C:/Users/95135/Desktop/final_0923/0924_latest/0922_1706/0922_1706.srcs/sim_1/new/testbench.v" Line 18
restart
INFO: [Simtcl 6-17] Simulation restarted
run 20 ns
reading instruction...
run 20 ns
run 20 ns
run 20 ns
run 20 ns
run 20 ns
run 20 ns
run 20 ns
run 20 ns
run 20 ns
run 20 ns
run 20 ns
run 20 ns
run 20 ns
run 20 ns
run 20 ns
run 20 ns
run 20 ns
run 20 ns
run 20 ns
run 20 ns
run 20 ns
run 20 ns
run 20 ns
run 20 ns
run 20 ns
run 20 ns
$stop called at time : 530 ns : File "C:/Users/95135/Desktop/final_0923/0924_latest/0922_1706/0922_1706.srcs/sim_1/new/testbench.v" Line 18
run 20 ns
run 20 ns
run 20 ns
run 20 ns
run 20 ns
run 20 ns
run 20 ns
run 20 ns
run 20 ns
run 20 ns
run 20 ns
run 20 ns
run 20 ns
run 20 ns
run 20 ns
run 20 ns
run 20 ns
close_sim
INFO: [Simtcl 6-16] Simulation closed
exit
INFO: [Common 17-206] Exiting Vivado at Fri Sep 25 02:02:36 2020...
